
ROM used:   42132/65536 (64%)
            42132/65536 (64%) including unused fragments

            2.7 Average locations per line
            9.3 Average locations per statement

RAM used:   1355/3896 (35%) at main() level
            1479/3896 (38%) worst case

Stack used: 10 worst case (5 in main + 5 for interrupts)
Stack size: 31

Lines Stmts  %   Files
----- ----- ---  -----
 1325   625  14  IntRF.c
 1022     0   0  ..\..\..\..\..\Program Files (x86)\PICC\Devices\18F46K22.h
   37     0   0  ..\..\..\..\..\Program Files (x86)\PICC\Drivers\stdio.h
  435     0   0  ..\..\..\..\..\Program Files (x86)\PICC\Drivers\string.h
   32     0   0  ..\..\..\..\..\Program Files (x86)\PICC\Drivers\stddef.h
   28     0   0  ..\..\..\..\..\Program Files (x86)\PICC\Drivers\ctype.h
  168     0   0  ..\..\..\..\..\Program Files (x86)\PICC\Drivers\stdint.h
 1352   359   8  ..\..\..\..\..\Program Files (x86)\PICC\Drivers\stdlib.h
  419   159   4  ..\..\..\..\..\Program Files (x86)\PICC\Drivers\stdlibm.h
   76    13   0  ..\..\..\..\..\Program Files (x86)\PICC\Drivers\memmgmt.c
 2042     0   0  pic_config.h
  658     0   0  defines.h
  178     0   0  function_headers.h
 1181     0   0  jack_dn2500.h
  274     0   0  globals.h
  238    79   2  eeprom.h
  820   325   7  pic.h
 2259  1329  29  dust.h
  998   540  12  periph.h
  797   497  11  control.h
  240    92   2  valve.h
  279    99   2  battery.h
  760   312   7  stacks_queues.h
  175   110   2  util.h
----- -----
15793  4539 Total

Page ROM  %  RAM    Vol Diff  Functions:
---- --- --- ---    --- ----  ----------
0     54   0    2             @ITOF
0    350   0   14             @DIVFF
0     92   0   14             @MUL3232
0    128   0    4    101  3.8  rand
0     70   0    5             @DIV1616
0     20   0    4     39  2.1  srand
0     34   0    5             @MUL1616
0     26   0    0             @MEMSET
0    526   1    0             @const1753
0     34   0    3     30  1.3  read_ee1
0     86   0    6     74  2.2  read_ee2
0    170   0   10    134  2.6  read_ee4
0     50   0    3     47  1.8  write_ee1
0    122   0    7    123  2.2  write_ee2
0    262   0    9    248  2.3  write_ee4
0    116   0    0    147  1.8  store_all_eeprom_values
0    196   0    2    341  3.3  read_all_eeprom_values
0     78   0    0     84  1.7  store_vcal_eeprom_values
0    650   1    2   1844  2.9  read_all_eeprom_variables
0     44   0    1    192  2.7  fosc_pri
0     46   0    1    192  2.7  fosc_pri_ISR
0     48   0    1    192  2.7  fosc_250k
0     12   0    0     69  1.6  osc_init
0      8   0    0             @PUTCHARI_BIU_2
0     28   0    1             @delay_ms4
0     28   0    1             @I2C_WRITEU_2
0     28   0    2    121  1.8  setup_T0_int
0     14   0    1    100  1.7  setup_T2_int
0     18   0    1    100  1.7  setup_T4_int
0    300   0    0   2360  3.0  periph_init
0    354   0    2   2162  5.4  deep_sleep
0     34   0    0             @const1914
0     34   0    0             @const1915
0     50   0    0    195  2.3  start_rtc
0     62   0    0    204  4.9  safeI2C_start
0     20   0    2     47  1.8  safeI2C_write
0     12   0    0     48  1.1  mote_init
0     90   0    4    206  3.9  mote_reset
0    118   0    4    398  7.5  mote_sleep
0   1068   1   26   4726 12.8  search_for_strongest
0     34   0    0             @const1925
0     34   0    0             @const1926
0     34   0    0             @const1928
0     34   0    0             @const1929
0     34   0    0             @const1932
0     34   0    0             @const1933
0    268   0    2    869  6.6  process_advert
0     34   0    0             @const1934
0    378   0   17   1417  7.8  initiate_join
0    856   1    9   2649  9.4  mote_state_check
0    142   0    6    548  8.1  mote_info_check
0    306   0    9   1163 10.7  mote_temp_check
0    142   0    6    548  8.1  mote_time_update
0    142   0    6    548  8.1  get_mote_net_info
0     74   0    2     96  2.5  init_msgSEQ
0   1252   1   28   8631 12.4  deal_with_mote_ISR
0    234   0    3   1110 10.7  get_dustmsg_ISR
0    682   1   14   2464  9.4  dust_hdlc_pkgen
0    654   1   14   2467  9.3  dust_hdlc_pkgen_ISR
0    182   0    6    840  8.1  dust_hdlc_pksend
0    162   0    6    805  7.1  dust_hdlc_pksend_ISR
0    326   0   13    973 11.0  dust_hdlc_pkdecode_ISR
0     66   0    7     98  3.5  fcs_fcs16
0     68   0    7     97  3.8  fcs_fcs16_ISR
0     92   0    7    203  4.7  fcs_calc_ISR
0   3198   4   19  15203 13.0  deal_with_packet
0    164   0    0             @goto45226
0     66   0    1    600  2.9  prepare_prefix_and_payload
0     66   0    1    600  2.9  prepare_prefix_and_payload_ISR
0     90   0    2    346  8.8  generate_message_and_send
0     92   0    2    316  7.8  generate_message_and_send_ISR
0    788   1   11   5615  5.0  send_full_report
0    128   0    5    919  2.9  send_health_report
0    310   0    7   1906  3.4  send_valve_report
0    536   1   11   2411  4.9  send_sprinkler_cmd_response
0     52   0    3    354  2.8  send_update_sp_num_response
0     90   0    9    822  2.9  send_read_eeprom_response
0     38   0    3    228  2.8  send_ack
0     62   0    7    510  2.9  send_nack
0    124   0    5    919  2.9  send_health_report_ISR
0    306   0    7   1906  3.4  send_valve_report_ISR
0     90   0    3    865  2.9  send_join_msg_ISR
0     50   0    3    354  2.8  send_gps_point_msg_ISR
0     58   0    3    488  2.9  send_pressure_xdcr_msg_ISR
0     74   0    3    629  2.9  send_error_msg_ISR
0   1076   1    2   3897  3.9  LCD_init
0     90   0    4    277  5.0  LCD_line1
0     92   0    4    277  5.0  LCD_line2
0    136   0    7    528  7.6  LCD_place_text
0     56   0    4    208  5.0  LCD_place_char
0    148   0    7    539  8.1  LCD_place_uint8
0     44   0    3             @DIV88
0    174   0   18    584  8.6  LCD_place_uint16
0    290   0   20    539  8.1  LCD_place_uint32
0    148   0   13             @DIV3232
0     58   0    2     96  2.9  LCD_clear
0     50   0    2    132  3.0  LCD_position
0     52   0    1    119  2.5  LCD_char
0    120   0    0    354  3.3  LCD_shutdown
0    176   0    7    360  5.0  LCD_display_battery_voltage
0     34   0    0             @const2033
0    412   0   11   1957  9.8  LCD_display_batt_voltage
0     90   0    3    234  4.8  LCD_display_shutdown_cause
0     34   0    0             @const2041
0   1098   1    3   4166  8.9  LCD_update_diplay
0     34   0    0             @const2043
0     34   0    0             @const2044
0     34   0    0             @const2045
0     34   0    0             @const2046
0     20   0    0             @const2047
0     34   0    0             @const2048
0     34   0    0             @const2049
0    104   0    3    456  6.0  adc_XDCR_init
0     88   0    3    304  5.1  adc_XDCR_measure
0     90   0    1    262  3.2  fixture_init
0     34   0    0    127  1.6  setup_gen_rpm
0    286   0   12    707  6.7  calc_gen_rpm
0     36   0    2    140  4.2  is_brake_duty_valid
0     36   0    2    140  4.2  is_charge_duty_valid
0     26   0    1    140  4.2  is_mppc_valid
0     46   0    2    140  4.2  is_rpm_setting_valid
0    110   0    4    392  6.1  set_brake_duty
0    110   0    4    392  6.1  set_charge_duty
0    140   0    1    410  1.9  set_mppc
0     84   0    3    202  2.7  set_fixture_dac
0    218   0    0   1201  8.0  adjust_mppc
0    132   0    4    225  5.4  calc_mppc_by_vgen
0   2166   3   11  10898 12.4  update_control_loop
0     46   0    0             @goto47102
0     58   0    0     86  2.1  stop_current_spinkler_setting
0     48   0    0     94  2.1  stop_current_spinkler_setting_ISR
0     46   0    0    130  1.2  comparator_setup
0    320   0    0    815  5.3  set_comp_dac_level
0    320   0    0    815  5.3  set_comp_dac_level_ISR
0     34   0    2    142  3.9  is_valve_position_valid
0     90   0    6    462  5.2  get_vbatt
0     90   0    6    462  5.2  get_vbatt_ISR
0     98   0    6    489  5.2  get_vgen
0    504   1   22    867  7.1  calc_vbatt_BCD
0     66   0    5             @FTOSD
0    334   0   20    516  6.5  calc_vbatt
0    286   0    8    824  6.3  check_and_deal_with_battery
0     36   0    3    105  3.1  clear_priority_queue
0     62   0    3    158  4.3  pop_priority_queue
0    198   0    5    485  6.6  push_priority_queue
0    178   0    5    436  6.1  push_priority_queue_ISR
0     96   0    5    160  4.0  clear_time_queue
0    156   0    5    240  5.0  pop_time_queue_ISR
0    590   1   16    905  7.8  push_time_queue
0    570   1   16    851  7.3  push_time_queue_ISR
0     40   0    0    163  3.5  clear_sprinkler_queue
0    574   1   37   1319  8.8  push_spinkler_queue
0    522   1    4    593  6.7  pop_sprinkler_queue_ISR
0     28   0    0     90  2.5  clear_message_queue
0    882   1   17   1725 12.2  pop_message_queue_and_send_ISR
0    792   1   18   1599 10.3  push_message_queue
0    636   1   18   1387  9.8  push_message_queue_ISR
0    350   0   14    678  9.1  remove_message_queue_item
0    292   0   14    580  9.0  remove_message_queue_item_ISR
0     82   0    1    428  5.2  happy_lites
0    118   0   14    334  4.1  convert_period_to_rpm
0    106   0   14    334  4.1  convert_period_to_rpm_ISR
0     32   0    1    113  3.5  hi2asc
0     30   0    1    111  3.8  lo2asc
0   3766   4    7  15686 12.9  MAIN
0     34   0    0             @const2152
0     34   0    0             @const2153
0     34   0    0             @const2154
0     34   0    0             @const2155
0     34   0    0             @const2156
0     34   0    0             @const2157
0     34   0    0             @const2158
0     34   0    0             @const2159
0     34   0    0             @const2160
0     34   0    0             @const2161
0     34   0    0             @const2162
0     34   0    0             @const2163
0     32   0    0    207  4.4  RB_ISR
0      8   0    0     16  1.0  vgen_wakeup_ISR
0     46   0    0    167  2.2  BUSCOL_ISR
0     48   0    4    297  2.3  mote_interrupt
0   1030   1   10   1720  6.9  comp1_ISR
0    360   0    4   1236  9.7  ccp3_ISR
0    744   1    6   1106  8.7  ccp4_isr
0    122   0    4    267  4.6  CCP5_ISR
 Inline         0             @cinit1

Program metrics:
    Functions               140
    Statements              4539
    Comments                5312
    Volume (V)              266842
    Difficulty (D)          746.2
    Effort to implement (E) 199118287
    Time to implement (T)   3072 hours, 49 minutes
    Est Delivered Bugs (B)  114
    Cyclomatic Complexity   552
    Maintainability (MI)    69

 Segment     Used  Free
-----------  ----  ----
00000-00002     4  0  
00004-00006     0  4  
00008-001AA   420  0  
001AC-0FFFE  41708  23400  



