>>> Warning 205 "C:\_PROJ\Jain Irrigation\2017 reset\Firmware\E313\dust.h" Line 1565(1,1): Unsigned variable is never less than zero
>>> Warning 205 "C:\_PROJ\Jain Irrigation\2017 reset\Firmware\E313\dust.h" Line 1594(1,1): Unsigned variable is never less than zero
>>> Warning 205 "C:\_PROJ\Jain Irrigation\2017 reset\Firmware\E313\control.h" Line 59(1,1): Unsigned variable is never less than zero
>>> Warning 204 "C:\_PROJ\Jain Irrigation\2017 reset\Firmware\E313\control.h" Line 59(1,1): Condition always FALSE
>>> Warning 205 "C:\_PROJ\Jain Irrigation\2017 reset\Firmware\E313\control.h" Line 66(1,1): Unsigned variable is never less than zero
>>> Warning 204 "C:\_PROJ\Jain Irrigation\2017 reset\Firmware\E313\control.h" Line 66(1,1): Condition always FALSE
>>> Warning 206 "C:\_PROJ\Jain Irrigation\2017 reset\Firmware\E313\control.h" Line 72(1,1): Variable of this data type is never greater than this constant
>>> Warning 204 "C:\_PROJ\Jain Irrigation\2017 reset\Firmware\E313\control.h" Line 72(1,1): Condition always FALSE
>>> Warning 205 "C:\_PROJ\Jain Irrigation\2017 reset\Firmware\E313\valve.h" Line 237(1,1): Unsigned variable is never less than zero
>>> Warning 204 "C:\_PROJ\Jain Irrigation\2017 reset\Firmware\E313\valve.h" Line 237(1,1): Condition always FALSE
>>> Warning 203 "IntRF.c" Line 152(1,1): Condition always TRUE
>>> Warning 225 "IntRF.c" Line 930(1,1): Interrupt level changed  : NORMAL=>HIGH
>>> Warning 225 "IntRF.c" Line 1523(1,1): Interrupt level changed  : FAST=>HIGH
>>> Warning 216 "IntRF.c" Line 1523(1,2): Interrupts disabled during call to prevent re-entrancy:  (push_priority_queue_ISR)
>>> Warning 216 "IntRF.c" Line 1523(1,2): Interrupts disabled during call to prevent re-entrancy:  (push_time_queue_ISR)
>>> Warning 216 "IntRF.c" Line 1523(1,2): Interrupts disabled during call to prevent re-entrancy:  (@MUL3232)
>>> Warning 216 "IntRF.c" Line 1523(1,2): Interrupts disabled during call to prevent re-entrancy:  (@DIV3232)
>>> Warning 216 "IntRF.c" Line 1523(1,2): Interrupts disabled during call to prevent re-entrancy:  (fcs_fcs16)
>>> Warning 216 "IntRF.c" Line 1523(1,2): Interrupts disabled during call to prevent re-entrancy:  (fosc_pri)
>>> Warning 202 "C:\_PROJ\Jain Irrigation\2017 reset\Firmware\E313\periph.h" Line 590(13,28): Variable never used:   battery_voltage
>>> Warning 202 "C:\_PROJ\Jain Irrigation\2017 reset\Firmware\E313\battery.h" Line 228(16,29): Variable never used:   bat_frac_part
>>> Warning 202 "C:\_PROJ\Jain Irrigation\2017 reset\Firmware\E313\battery.h" Line 264(16,29): Variable never used:   bat_frac_part
      Memory usage:   ROM=69%      RAM=35% - 41%
      0 Errors,  22 Warnings.
Build Successful.
